#-----------------------------------------------------------
# Vivado v2019.2 (64-bit)
# SW Build 2708876 on Wed Nov  6 21:40:23 MST 2019
# IP Build 2700528 on Thu Nov  7 00:09:20 MST 2019
# Start of session at: Tue Jan 21 10:31:52 2025
# Process ID: 15440
# Current directory: C:/Users/user/Desktop/Vivado Labs/LAb 01/1_Bit_Full_Adder
# Command line: vivado.exe -gui_launcher_event rodinguilauncherevent1988 C:\Users\user\Desktop\Vivado Labs\LAb 01\1_Bit_Full_Adder\1_Bit_Full_Adder.xpr
# Log file: C:/Users/user/Desktop/Vivado Labs/LAb 01/1_Bit_Full_Adder/vivado.log
# Journal file: C:/Users/user/Desktop/Vivado Labs/LAb 01/1_Bit_Full_Adder\vivado.jou
#-----------------------------------------------------------
start_gui
open_project {C:/Users/user/Desktop/Vivado Labs/LAb 01/1_Bit_Full_Adder/1_Bit_Full_Adder.xpr}
Scanning sources...
Finished scanning sources
INFO: [IP_Flow 19-234] Refreshing IP repositories
INFO: [IP_Flow 19-1704] No user IP repositories specified
INFO: [IP_Flow 19-2313] Loaded Vivado IP repository 'D:/Xilinx_Vivado_2019.2_1106_2127/Vivado/2019.2/data/ip'.
open_project: Time (s): cpu = 00:00:08 ; elapsed = 00:00:13 . Memory (MB): peak = 727.395 ; gain = 124.066
update_compile_order -fileset sources_1
exit
INFO: [Common 17-206] Exiting Vivado at Tue Jan 21 15:02:35 2025...
