#-----------------------------------------------------------
# Vivado v2019.2 (64-bit)
# SW Build 2708876 on Wed Nov  6 21:40:23 MST 2019
# IP Build 2700528 on Thu Nov  7 00:09:20 MST 2019
# Start of session at: Sat Feb 22 11:21:47 2025
# Process ID: 892
# Current directory: C:/Users/user/Desktop/Vivado Labs/LAb 01/Full_Adder_4_Bit
# Command line: vivado.exe -gui_launcher_event rodinguilauncherevent6872 C:\Users\user\Desktop\Vivado Labs\LAb 01\Full_Adder_4_Bit\Full_Adder_4_Bit.xpr
# Log file: C:/Users/user/Desktop/Vivado Labs/LAb 01/Full_Adder_4_Bit/vivado.log
# Journal file: C:/Users/user/Desktop/Vivado Labs/LAb 01/Full_Adder_4_Bit\vivado.jou
#-----------------------------------------------------------
start_gui
open_project {C:/Users/user/Desktop/Vivado Labs/LAb 01/Full_Adder_4_Bit/Full_Adder_4_Bit.xpr}
Scanning sources...
Finished scanning sources
INFO: [IP_Flow 19-234] Refreshing IP repositories
INFO: [IP_Flow 19-1704] No user IP repositories specified
INFO: [IP_Flow 19-2313] Loaded Vivado IP repository 'D:/Xilinx_Vivado_2019.2_1106_2127/Vivado/2019.2/data/ip'.
open_project: Time (s): cpu = 00:00:16 ; elapsed = 00:00:06 . Memory (MB): peak = 787.836 ; gain = 111.297
update_compile_order -fileset sources_1
exit
INFO: [Common 17-206] Exiting Vivado at Sat Feb 22 11:45:01 2025...
