#-----------------------------------------------------------
# Vivado v2019.2 (64-bit)
# SW Build 2708876 on Wed Nov  6 21:40:23 MST 2019
# IP Build 2700528 on Thu Nov  7 00:09:20 MST 2019
# Start of session at: Sat Feb 22 11:12:56 2025
# Process ID: 10844
# Current directory: C:/Users/user/Desktop/Vivado Labs/LAb 01/SR_Latch
# Command line: vivado.exe -gui_launcher_event rodinguilauncherevent12616 C:\Users\user\Desktop\Vivado Labs\LAb 01\SR_Latch\SR_Latch.xpr
# Log file: C:/Users/user/Desktop/Vivado Labs/LAb 01/SR_Latch/vivado.log
# Journal file: C:/Users/user/Desktop/Vivado Labs/LAb 01/SR_Latch\vivado.jou
#-----------------------------------------------------------
start_gui
open_project {C:/Users/user/Desktop/Vivado Labs/LAb 01/SR_Latch/SR_Latch.xpr}
Scanning sources...
Finished scanning sources
INFO: [IP_Flow 19-234] Refreshing IP repositories
INFO: [IP_Flow 19-1704] No user IP repositories specified
INFO: [IP_Flow 19-2313] Loaded Vivado IP repository 'D:/Xilinx_Vivado_2019.2_1106_2127/Vivado/2019.2/data/ip'.
open_project: Time (s): cpu = 00:00:17 ; elapsed = 00:00:07 . Memory (MB): peak = 740.047 ; gain = 105.953
update_compile_order -fileset sources_1
exit
INFO: [Common 17-206] Exiting Vivado at Sat Feb 22 11:21:32 2025...
